<?xml version="1.0" encoding="UTF-8"?>
<coverage generated="1780426926797" clover="3.2.0">
  <project timestamp="1780426926797" name="All files">
    <metrics statements="14" coveredstatements="13" conditionals="20" coveredconditionals="19" methods="1" coveredmethods="1" elements="35" coveredelements="33" complexity="0" loc="14" ncloc="14" packages="1" files="1" classes="1"/>
    <file name="registroProducto.js" path="C:\Users\Pro650\Documents\Repos\proyecto2026\ProyectoIndividual2026\src\test\registroProducto.js">
      <metrics statements="14" coveredstatements="13" conditionals="20" coveredconditionals="19" methods="1" coveredmethods="1"/>
      <line num="2" count="5" type="stmt"/>
      <line num="5" count="5" type="cond" truecount="6" falsecount="0"/>
      <line num="6" count="1" type="stmt"/>
      <line num="9" count="4" type="stmt"/>
      <line num="10" count="4" type="cond" truecount="1" falsecount="1"/>
      <line num="11" count="0" type="stmt"/>
      <line num="14" count="4" type="cond" truecount="4" falsecount="0"/>
      <line num="15" count="1" type="stmt"/>
      <line num="18" count="3" type="cond" truecount="4" falsecount="0"/>
      <line num="19" count="1" type="stmt"/>
      <line num="22" count="2" type="cond" truecount="4" falsecount="0"/>
      <line num="23" count="1" type="stmt"/>
      <line num="26" count="1" type="stmt"/>
      <line num="30" count="1" type="stmt"/>
    </file>
  </project>
</coverage>
