{"C:\\Users\\Pro650\\Documents\\Repos\\proyecto2026\\ProyectoIndividual2026\\src\\productos\\qrProducto.cjs": {"path":"C:\\Users\\Pro650\\Documents\\Repos\\proyecto2026\\ProyectoIndividual2026\\src\\productos\\qrProducto.cjs","statementMap":{"0":{"start":{"line":1,"column":22},"end":{"line":13,"column":1}},"1":{"start":{"line":2,"column":2},"end":{"line":10,"column":3}},"2":{"start":{"line":3,"column":41},"end":{"line":3,"column":56}},"3":{"start":{"line":5,"column":4},"end":{"line":7,"column":5}},"4":{"start":{"line":6,"column":6},"end":{"line":6,"column":60}},"5":{"start":{"line":9,"column":4},"end":{"line":9,"column":63}},"6":{"start":{"line":12,"column":2},"end":{"line":12,"column":36}},"7":{"start":{"line":15,"column":36},"end":{"line":44,"column":1}},"8":{"start":{"line":16,"column":17},"end":{"line":16,"column":38}},"9":{"start":{"line":18,"column":2},"end":{"line":20,"column":3}},"10":{"start":{"line":19,"column":4},"end":{"line":19,"column":51}},"11":{"start":{"line":22,"column":2},"end":{"line":24,"column":3}},"12":{"start":{"line":23,"column":4},"end":{"line":23,"column":51}},"13":{"start":{"line":26,"column":2},"end":{"line":28,"column":3}},"14":{"start":{"line":27,"column":4},"end":{"line":27,"column":56}},"15":{"start":{"line":30,"column":2},"end":{"line":32,"column":3}},"16":{"start":{"line":31,"column":4},"end":{"line":31,"column":61}},"17":{"start":{"line":34,"column":2},"end":{"line":36,"column":3}},"18":{"start":{"line":35,"column":4},"end":{"line":35,"column":57}},"19":{"start":{"line":38,"column":2},"end":{"line":40,"column":3}},"20":{"start":{"line":39,"column":4},"end":{"line":39,"column":46}},"21":{"start":{"line":42,"column":16},"end":{"line":42,"column":33}},"22":{"start":{"line":43,"column":2},"end":{"line":43,"column":90}},"23":{"start":{"line":46,"column":31},"end":{"line":68,"column":1}},"24":{"start":{"line":47,"column":2},"end":{"line":49,"column":3}},"25":{"start":{"line":48,"column":4},"end":{"line":48,"column":49}},"26":{"start":{"line":51,"column":20},"end":{"line":51,"column":93}},"27":{"start":{"line":53,"column":2},"end":{"line":55,"column":3}},"28":{"start":{"line":54,"column":4},"end":{"line":54,"column":21}},"29":{"start":{"line":57,"column":2},"end":{"line":61,"column":3}},"30":{"start":{"line":58,"column":19},"end":{"line":58,"column":70}},"31":{"start":{"line":59,"column":24},"end":{"line":59,"column":75}},"32":{"start":{"line":60,"column":4},"end":{"line":60,"column":92}},"33":{"start":{"line":63,"column":13},"end":{"line":63,"column":45}},"34":{"start":{"line":64,"column":17},"end":{"line":64,"column":66}},"35":{"start":{"line":65,"column":17},"end":{"line":65,"column":93}},"36":{"start":{"line":67,"column":2},"end":{"line":67,"column":60}},"37":{"start":{"line":70,"column":0},"end":{"line":73,"column":2}}},"fnMap":{"0":{"name":"(anonymous_0)","decl":{"start":{"line":1,"column":22},"end":{"line":1,"column":23}},"loc":{"start":{"line":1,"column":28},"end":{"line":13,"column":1}},"line":1},"1":{"name":"(anonymous_1)","decl":{"start":{"line":15,"column":36},"end":{"line":15,"column":37}},"loc":{"start":{"line":15,"column":50},"end":{"line":44,"column":1}},"line":15},"2":{"name":"(anonymous_2)","decl":{"start":{"line":46,"column":31},"end":{"line":46,"column":32}},"loc":{"start":{"line":46,"column":50},"end":{"line":68,"column":1}},"line":46}},"branchMap":{"0":{"loc":{"start":{"line":2,"column":2},"end":{"line":10,"column":3}},"type":"if","locations":[{"start":{"line":2,"column":2},"end":{"line":10,"column":3}},{"start":{},"end":{}}],"line":2},"1":{"loc":{"start":{"line":5,"column":4},"end":{"line":7,"column":5}},"type":"if","locations":[{"start":{"line":5,"column":4},"end":{"line":7,"column":5}},{"start":{},"end":{}}],"line":5},"2":{"loc":{"start":{"line":5,"column":8},"end":{"line":5,"column":82}},"type":"binary-expr","locations":[{"start":{"line":5,"column":8},"end":{"line":5,"column":32}},{"start":{"line":5,"column":36},"end":{"line":5,"column":60}},{"start":{"line":5,"column":64},"end":{"line":5,"column":82}}],"line":5},"3":{"loc":{"start":{"line":6,"column":35},"end":{"line":6,"column":57}},"type":"cond-expr","locations":[{"start":{"line":6,"column":42},"end":{"line":6,"column":52}},{"start":{"line":6,"column":55},"end":{"line":6,"column":57}}],"line":6},"4":{"loc":{"start":{"line":9,"column":38},"end":{"line":9,"column":60}},"type":"cond-expr","locations":[{"start":{"line":9,"column":45},"end":{"line":9,"column":55}},{"start":{"line":9,"column":58},"end":{"line":9,"column":60}}],"line":9},"5":{"loc":{"start":{"line":18,"column":2},"end":{"line":20,"column":3}},"type":"if","locations":[{"start":{"line":18,"column":2},"end":{"line":20,"column":3}},{"start":{},"end":{}}],"line":18},"6":{"loc":{"start":{"line":22,"column":2},"end":{"line":24,"column":3}},"type":"if","locations":[{"start":{"line":22,"column":2},"end":{"line":24,"column":3}},{"start":{},"end":{}}],"line":22},"7":{"loc":{"start":{"line":26,"column":2},"end":{"line":28,"column":3}},"type":"if","locations":[{"start":{"line":26,"column":2},"end":{"line":28,"column":3}},{"start":{},"end":{}}],"line":26},"8":{"loc":{"start":{"line":30,"column":2},"end":{"line":32,"column":3}},"type":"if","locations":[{"start":{"line":30,"column":2},"end":{"line":32,"column":3}},{"start":{},"end":{}}],"line":30},"9":{"loc":{"start":{"line":34,"column":2},"end":{"line":36,"column":3}},"type":"if","locations":[{"start":{"line":34,"column":2},"end":{"line":36,"column":3}},{"start":{},"end":{}}],"line":34},"10":{"loc":{"start":{"line":38,"column":2},"end":{"line":40,"column":3}},"type":"if","locations":[{"start":{"line":38,"column":2},"end":{"line":40,"column":3}},{"start":{},"end":{}}],"line":38},"11":{"loc":{"start":{"line":43,"column":63},"end":{"line":43,"column":87}},"type":"cond-expr","locations":[{"start":{"line":43,"column":71},"end":{"line":43,"column":82}},{"start":{"line":43,"column":85},"end":{"line":43,"column":87}}],"line":43},"12":{"loc":{"start":{"line":46,"column":32},"end":{"line":46,"column":45}},"type":"default-arg","locations":[{"start":{"line":46,"column":43},"end":{"line":46,"column":45}}],"line":46},"13":{"loc":{"start":{"line":47,"column":2},"end":{"line":49,"column":3}},"type":"if","locations":[{"start":{"line":47,"column":2},"end":{"line":49,"column":3}},{"start":{},"end":{}}],"line":47},"14":{"loc":{"start":{"line":51,"column":20},"end":{"line":51,"column":93}},"type":"cond-expr","locations":[{"start":{"line":51,"column":62},"end":{"line":51,"column":88}},{"start":{"line":51,"column":91},"end":{"line":51,"column":93}}],"line":51},"15":{"loc":{"start":{"line":53,"column":2},"end":{"line":55,"column":3}},"type":"if","locations":[{"start":{"line":53,"column":2},"end":{"line":55,"column":3}},{"start":{},"end":{}}],"line":53},"16":{"loc":{"start":{"line":57,"column":2},"end":{"line":61,"column":3}},"type":"if","locations":[{"start":{"line":57,"column":2},"end":{"line":61,"column":3}},{"start":{},"end":{}}],"line":57},"17":{"loc":{"start":{"line":58,"column":19},"end":{"line":58,"column":70}},"type":"binary-expr","locations":[{"start":{"line":58,"column":19},"end":{"line":58,"column":44}},{"start":{"line":58,"column":48},"end":{"line":58,"column":70}}],"line":58},"18":{"loc":{"start":{"line":59,"column":24},"end":{"line":59,"column":75}},"type":"binary-expr","locations":[{"start":{"line":59,"column":24},"end":{"line":59,"column":54}},{"start":{"line":59,"column":58},"end":{"line":59,"column":75}}],"line":59},"19":{"loc":{"start":{"line":63,"column":13},"end":{"line":63,"column":45}},"type":"binary-expr","locations":[{"start":{"line":63,"column":13},"end":{"line":63,"column":33}},{"start":{"line":63,"column":37},"end":{"line":63,"column":45}}],"line":63},"20":{"loc":{"start":{"line":64,"column":17},"end":{"line":64,"column":66}},"type":"binary-expr","locations":[{"start":{"line":64,"column":17},"end":{"line":64,"column":41}},{"start":{"line":64,"column":45},"end":{"line":64,"column":66}}],"line":64},"21":{"loc":{"start":{"line":65,"column":17},"end":{"line":65,"column":93}},"type":"cond-expr","locations":[{"start":{"line":65,"column":49},"end":{"line":65,"column":78}},{"start":{"line":65,"column":81},"end":{"line":65,"column":93}}],"line":65}},"s":{"0":1,"1":2,"2":0,"3":0,"4":0,"5":0,"6":2,"7":1,"8":2,"9":2,"10":2,"11":2,"12":2,"13":2,"14":2,"15":2,"16":1,"17":2,"18":0,"19":2,"20":1,"21":2,"22":2,"23":1,"24":2,"25":2,"26":0,"27":0,"28":0,"29":0,"30":0,"31":0,"32":0,"33":0,"34":0,"35":0,"36":0,"37":1},"f":{"0":2,"1":2,"2":2},"b":{"0":[0,2],"1":[0,0],"2":[0,0,0],"3":[0,0],"4":[0,0],"5":[2,0],"6":[2,0],"7":[2,0],"8":[1,1],"9":[0,2],"10":[1,1],"11":[2,0],"12":[0],"13":[2,0],"14":[0,0],"15":[0,0],"16":[0,0],"17":[0,0],"18":[0,0],"19":[0,0],"20":[0,0],"21":[0,0]},"inputSourceMap":null,"_coverageSchema":"1a1c01bbd47fc00a2c39e90264f33305004495a9","hash":"cbc3e8cc57ba5abc5e869040413486079c7fdc2d"}
}
