TN:
SF:src\productos\qrProducto.cjs
FN:1,(anonymous_0)
FN:15,(anonymous_1)
FN:46,(anonymous_2)
FNF:3
FNH:3
FNDA:2,(anonymous_0)
FNDA:2,(anonymous_1)
FNDA:2,(anonymous_2)
DA:1,1
DA:2,2
DA:3,0
DA:5,0
DA:6,0
DA:9,0
DA:12,2
DA:15,1
DA:16,2
DA:18,2
DA:19,2
DA:22,2
DA:23,2
DA:26,2
DA:27,2
DA:30,2
DA:31,1
DA:34,2
DA:35,0
DA:38,2
DA:39,1
DA:42,2
DA:43,2
DA:46,1
DA:47,2
DA:48,2
DA:51,0
DA:53,0
DA:54,0
DA:57,0
DA:58,0
DA:59,0
DA:60,0
DA:63,0
DA:64,0
DA:65,0
DA:67,0
DA:70,1
LF:38
LH:22
BRDA:2,0,0,0
BRDA:2,0,1,2
BRDA:5,1,0,0
BRDA:5,1,1,0
BRDA:5,2,0,0
BRDA:5,2,1,0
BRDA:5,2,2,0
BRDA:6,3,0,0
BRDA:6,3,1,0
BRDA:9,4,0,0
BRDA:9,4,1,0
BRDA:18,5,0,2
BRDA:18,5,1,0
BRDA:22,6,0,2
BRDA:22,6,1,0
BRDA:26,7,0,2
BRDA:26,7,1,0
BRDA:30,8,0,1
BRDA:30,8,1,1
BRDA:34,9,0,0
BRDA:34,9,1,2
BRDA:38,10,0,1
BRDA:38,10,1,1
BRDA:43,11,0,2
BRDA:43,11,1,0
BRDA:46,12,0,0
BRDA:47,13,0,2
BRDA:47,13,1,0
BRDA:51,14,0,0
BRDA:51,14,1,0
BRDA:53,15,0,0
BRDA:53,15,1,0
BRDA:57,16,0,0
BRDA:57,16,1,0
BRDA:58,17,0,0
BRDA:58,17,1,0
BRDA:59,18,0,0
BRDA:59,18,1,0
BRDA:63,19,0,0
BRDA:63,19,1,0
BRDA:64,20,0,0
BRDA:64,20,1,0
BRDA:65,21,0,0
BRDA:65,21,1,0
BRF:44
BRH:11
end_of_record
