TN:
SF:src\test\registroProducto.js
FN:1,registroProducto
FNF:1
FNH:1
FNDA:5,registroProducto
DA:2,5
DA:5,5
DA:6,1
DA:9,4
DA:10,4
DA:11,0
DA:14,4
DA:15,1
DA:18,3
DA:19,1
DA:22,2
DA:23,1
DA:26,1
DA:30,1
LF:14
LH:13
BRDA:5,0,0,1
BRDA:5,0,1,4
BRDA:5,1,0,5
BRDA:5,1,1,4
BRDA:5,1,2,4
BRDA:5,1,3,4
BRDA:10,2,0,0
BRDA:10,2,1,4
BRDA:14,3,0,1
BRDA:14,3,1,3
BRDA:14,4,0,4
BRDA:14,4,1,4
BRDA:18,5,0,1
BRDA:18,5,1,2
BRDA:18,6,0,3
BRDA:18,6,1,3
BRDA:22,7,0,1
BRDA:22,7,1,1
BRDA:22,8,0,2
BRDA:22,8,1,1
BRF:20
BRH:19
end_of_record
